<?xml version="1.0" encoding="UTF-8"?>
<coverage generated="1561463672487" clover="3.2.0">
  <project timestamp="1561463672488" name="All files">
    <metrics statements="15" coveredstatements="14" conditionals="4" coveredconditionals="2" methods="4" coveredmethods="4" elements="23" coveredelements="20" complexity="0" loc="15" ncloc="15" packages="1" files="2" classes="2"/>
    <file name="App.js" path="/home/alex/tmp/jest-enzyme-config-for-react-native/App.js">
      <metrics statements="3" coveredstatements="3" conditionals="0" coveredconditionals="0" methods="1" coveredmethods="1"/>
      <line num="12" count="1" type="stmt"/>
      <line num="22" count="2" type="stmt"/>
      <line num="32" count="1" type="stmt"/>
    </file>
    <file name="Button.js" path="/home/alex/tmp/jest-enzyme-config-for-react-native/Button.js">
      <metrics statements="12" coveredstatements="11" conditionals="4" coveredconditionals="2" methods="3" coveredmethods="3"/>
      <line num="7" count="3" type="stmt"/>
      <line num="11" count="3" type="stmt"/>
      <line num="12" count="1" type="stmt"/>
      <line num="13" count="1" type="cond" truecount="1" falsecount="1"/>
      <line num="14" count="0" type="stmt"/>
      <line num="16" count="1" type="stmt"/>
      <line num="20" count="3" type="stmt"/>
      <line num="21" count="3" type="stmt"/>
      <line num="24" count="3" type="cond" truecount="1" falsecount="1"/>
      <line num="26" count="3" type="stmt"/>
      <line num="36" count="1" type="stmt"/>
      <line num="40" count="1" type="stmt"/>
    </file>
  </project>
</coverage>
