TN:
SF:/home/alex/tmp/jest-enzyme-config-for-react-native/App.js
FN:21,(anonymous_0)
FNF:1
FNH:1
FNDA:2,(anonymous_0)
DA:12,1
DA:22,2
DA:32,1
LF:3
LH:3
BRF:0
BRH:0
end_of_record
TN:
SF:/home/alex/tmp/jest-enzyme-config-for-react-native/Button.js
FN:6,(anonymous_0)
FN:11,(anonymous_1)
FN:19,(anonymous_2)
FNF:3
FNH:3
FNDA:3,(anonymous_0)
FNDA:1,(anonymous_1)
FNDA:3,(anonymous_2)
DA:7,3
DA:11,3
DA:12,1
DA:13,1
DA:14,0
DA:16,1
DA:20,3
DA:21,3
DA:24,3
DA:26,3
DA:36,1
DA:40,1
LF:12
LH:11
BRDA:13,0,0,0
BRDA:13,0,1,1
BRDA:24,1,0,3
BRDA:24,1,1,0
BRF:4
BRH:2
end_of_record
